0 info it worked if it ends with ok
1 verbose cli [ 'C:\\Program Files\\nodejs\\\\node.exe',
1 verbose cli   'C:\\Program Files\\nodejs\\node_modules\\npm\\bin\\npm-cli.js',
1 verbose cli   'publish' ]
2 info using npm@1.3.8
3 info using node@v0.10.18
4 verbose node symlink C:\Program Files\nodejs\\node.exe
5 verbose publish [ '.' ]
6 verbose cache add [ '.', null ]
7 verbose cache add name=undefined spec="." args=[".",null]
8 verbose parsed url { protocol: null,
8 verbose parsed url   slashes: null,
8 verbose parsed url   auth: null,
8 verbose parsed url   host: null,
8 verbose parsed url   port: null,
8 verbose parsed url   hostname: null,
8 verbose parsed url   hash: null,
8 verbose parsed url   search: null,
8 verbose parsed url   query: null,
8 verbose parsed url   pathname: '.',
8 verbose parsed url   path: '.',
8 verbose parsed url   href: '.' }
9 silly lockFile 3a52ce78- .
10 verbose lock . C:\Users\Lenfer\AppData\Roaming\npm-cache\3a52ce78-.lock
11 verbose tar pack [ 'C:\\Users\\Lenfer\\AppData\\Local\\Temp\\npm-5712-ZlxVywhk\\1381484992323-0.23148468555882573\\tmp.tgz',
11 verbose tar pack   '.' ]
12 verbose tarball C:\Users\Lenfer\AppData\Local\Temp\npm-5712-ZlxVywhk\1381484992323-0.23148468555882573\tmp.tgz
13 verbose folder .
14 silly lockFile 1f1177db-tar tar://.
15 verbose lock tar://. C:\Users\Lenfer\AppData\Roaming\npm-cache\1f1177db-tar.lock
16 silly lockFile 55156e72-2323-0-23148468555882573-tmp-tgz tar://C:\Users\Lenfer\AppData\Local\Temp\npm-5712-ZlxVywhk\1381484992323-0.23148468555882573\tmp.tgz
17 verbose lock tar://C:\Users\Lenfer\AppData\Local\Temp\npm-5712-ZlxVywhk\1381484992323-0.23148468555882573\tmp.tgz C:\Users\Lenfer\AppData\Roaming\npm-cache\55156e72-2323-0-23148468555882573-tmp-tgz.lock
18 silly lockFile 1f1177db-tar tar://.
19 silly lockFile 1f1177db-tar tar://.
20 silly lockFile 55156e72-2323-0-23148468555882573-tmp-tgz tar://C:\Users\Lenfer\AppData\Local\Temp\npm-5712-ZlxVywhk\1381484992323-0.23148468555882573\tmp.tgz
21 silly lockFile 55156e72-2323-0-23148468555882573-tmp-tgz tar://C:\Users\Lenfer\AppData\Local\Temp\npm-5712-ZlxVywhk\1381484992323-0.23148468555882573\tmp.tgz
22 verbose tar unpack C:\Users\Lenfer\AppData\Local\Temp\npm-5712-ZlxVywhk\1381484992323-0.23148468555882573\tmp.tgz
23 silly lockFile f4f3415c-2323-0-23148468555882573-package tar://C:\Users\Lenfer\AppData\Local\Temp\npm-5712-ZlxVywhk\1381484992323-0.23148468555882573\package
24 verbose lock tar://C:\Users\Lenfer\AppData\Local\Temp\npm-5712-ZlxVywhk\1381484992323-0.23148468555882573\package C:\Users\Lenfer\AppData\Roaming\npm-cache\f4f3415c-2323-0-23148468555882573-package.lock
25 silly lockFile 55156e72-2323-0-23148468555882573-tmp-tgz tar://C:\Users\Lenfer\AppData\Local\Temp\npm-5712-ZlxVywhk\1381484992323-0.23148468555882573\tmp.tgz
26 verbose lock tar://C:\Users\Lenfer\AppData\Local\Temp\npm-5712-ZlxVywhk\1381484992323-0.23148468555882573\tmp.tgz C:\Users\Lenfer\AppData\Roaming\npm-cache\55156e72-2323-0-23148468555882573-tmp-tgz.lock
27 silly gunzTarPerm modes [ '755', '644' ]
28 silly gunzTarPerm extractEntry package.json
29 silly gunzTarPerm modified mode [ 'package.json', 438, 420 ]
30 silly gunzTarPerm extractEntry lib/service.js
31 silly gunzTarPerm modified mode [ 'lib/service.js', 438, 420 ]
32 silly gunzTarPerm extractEntry lib/wsdl.js
33 silly gunzTarPerm modified mode [ 'lib/wsdl.js', 438, 420 ]
34 silly gunzTarPerm extractEntry lib/XMLShema.js
35 silly gunzTarPerm modified mode [ 'lib/XMLShema.js', 438, 420 ]
36 silly gunzTarPerm extractEntry lib/XMLShemaTypes.js
37 silly gunzTarPerm modified mode [ 'lib/XMLShemaTypes.js', 438, 420 ]
38 silly lockFile f4f3415c-2323-0-23148468555882573-package tar://C:\Users\Lenfer\AppData\Local\Temp\npm-5712-ZlxVywhk\1381484992323-0.23148468555882573\package
39 silly lockFile f4f3415c-2323-0-23148468555882573-package tar://C:\Users\Lenfer\AppData\Local\Temp\npm-5712-ZlxVywhk\1381484992323-0.23148468555882573\package
40 silly lockFile 55156e72-2323-0-23148468555882573-tmp-tgz tar://C:\Users\Lenfer\AppData\Local\Temp\npm-5712-ZlxVywhk\1381484992323-0.23148468555882573\tmp.tgz
41 silly lockFile 55156e72-2323-0-23148468555882573-tmp-tgz tar://C:\Users\Lenfer\AppData\Local\Temp\npm-5712-ZlxVywhk\1381484992323-0.23148468555882573\tmp.tgz
42 verbose tar pack [ 'C:\\Users\\Lenfer\\AppData\\Roaming\\npm-cache\\wsdl-service\\0.1.0\\package.tgz',
42 verbose tar pack   'C:\\Users\\Lenfer\\AppData\\Local\\Temp\\npm-5712-ZlxVywhk\\1381484992323-0.23148468555882573\\package' ]
43 verbose tarball C:\Users\Lenfer\AppData\Roaming\npm-cache\wsdl-service\0.1.0\package.tgz
44 verbose folder C:\Users\Lenfer\AppData\Local\Temp\npm-5712-ZlxVywhk\1381484992323-0.23148468555882573\package
45 silly lockFile f4f3415c-2323-0-23148468555882573-package tar://C:\Users\Lenfer\AppData\Local\Temp\npm-5712-ZlxVywhk\1381484992323-0.23148468555882573\package
46 verbose lock tar://C:\Users\Lenfer\AppData\Local\Temp\npm-5712-ZlxVywhk\1381484992323-0.23148468555882573\package C:\Users\Lenfer\AppData\Roaming\npm-cache\f4f3415c-2323-0-23148468555882573-package.lock
47 silly lockFile ee5e6639-e-wsdl-service-0-1-0-package-tgz tar://C:\Users\Lenfer\AppData\Roaming\npm-cache\wsdl-service\0.1.0\package.tgz
48 verbose lock tar://C:\Users\Lenfer\AppData\Roaming\npm-cache\wsdl-service\0.1.0\package.tgz C:\Users\Lenfer\AppData\Roaming\npm-cache\ee5e6639-e-wsdl-service-0-1-0-package-tgz.lock
49 silly lockFile f4f3415c-2323-0-23148468555882573-package tar://C:\Users\Lenfer\AppData\Local\Temp\npm-5712-ZlxVywhk\1381484992323-0.23148468555882573\package
50 silly lockFile f4f3415c-2323-0-23148468555882573-package tar://C:\Users\Lenfer\AppData\Local\Temp\npm-5712-ZlxVywhk\1381484992323-0.23148468555882573\package
51 silly lockFile ee5e6639-e-wsdl-service-0-1-0-package-tgz tar://C:\Users\Lenfer\AppData\Roaming\npm-cache\wsdl-service\0.1.0\package.tgz
52 silly lockFile ee5e6639-e-wsdl-service-0-1-0-package-tgz tar://C:\Users\Lenfer\AppData\Roaming\npm-cache\wsdl-service\0.1.0\package.tgz
53 silly lockFile 6986a9e5-cache-wsdl-service-0-1-0-package C:\Users\Lenfer\AppData\Roaming\npm-cache\wsdl-service\0.1.0\package
54 verbose lock C:\Users\Lenfer\AppData\Roaming\npm-cache\wsdl-service\0.1.0\package C:\Users\Lenfer\AppData\Roaming\npm-cache\6986a9e5-cache-wsdl-service-0-1-0-package.lock
55 silly lockFile 6986a9e5-cache-wsdl-service-0-1-0-package C:\Users\Lenfer\AppData\Roaming\npm-cache\wsdl-service\0.1.0\package
56 silly lockFile 6986a9e5-cache-wsdl-service-0-1-0-package C:\Users\Lenfer\AppData\Roaming\npm-cache\wsdl-service\0.1.0\package
57 verbose tar unpack C:\Users\Lenfer\AppData\Roaming\npm-cache\wsdl-service\0.1.0\package.tgz
58 silly lockFile bd10016b-cache-wsdl-service-0-1-0-package tar://C:\Users\Lenfer\AppData\Roaming\npm-cache\wsdl-service\0.1.0\package
59 verbose lock tar://C:\Users\Lenfer\AppData\Roaming\npm-cache\wsdl-service\0.1.0\package C:\Users\Lenfer\AppData\Roaming\npm-cache\bd10016b-cache-wsdl-service-0-1-0-package.lock
60 silly lockFile ee5e6639-e-wsdl-service-0-1-0-package-tgz tar://C:\Users\Lenfer\AppData\Roaming\npm-cache\wsdl-service\0.1.0\package.tgz
61 verbose lock tar://C:\Users\Lenfer\AppData\Roaming\npm-cache\wsdl-service\0.1.0\package.tgz C:\Users\Lenfer\AppData\Roaming\npm-cache\ee5e6639-e-wsdl-service-0-1-0-package-tgz.lock
62 silly gunzTarPerm modes [ '755', '644' ]
63 silly gunzTarPerm extractEntry package.json
64 silly gunzTarPerm modified mode [ 'package.json', 438, 420 ]
65 silly gunzTarPerm extractEntry lib/service.js
66 silly gunzTarPerm modified mode [ 'lib/service.js', 438, 420 ]
67 silly gunzTarPerm extractEntry lib/wsdl.js
68 silly gunzTarPerm modified mode [ 'lib/wsdl.js', 438, 420 ]
69 silly gunzTarPerm extractEntry lib/XMLShema.js
70 silly gunzTarPerm modified mode [ 'lib/XMLShema.js', 438, 420 ]
71 silly gunzTarPerm extractEntry lib/XMLShemaTypes.js
72 silly gunzTarPerm modified mode [ 'lib/XMLShemaTypes.js', 438, 420 ]
73 silly lockFile bd10016b-cache-wsdl-service-0-1-0-package tar://C:\Users\Lenfer\AppData\Roaming\npm-cache\wsdl-service\0.1.0\package
74 silly lockFile bd10016b-cache-wsdl-service-0-1-0-package tar://C:\Users\Lenfer\AppData\Roaming\npm-cache\wsdl-service\0.1.0\package
75 silly lockFile ee5e6639-e-wsdl-service-0-1-0-package-tgz tar://C:\Users\Lenfer\AppData\Roaming\npm-cache\wsdl-service\0.1.0\package.tgz
76 silly lockFile ee5e6639-e-wsdl-service-0-1-0-package-tgz tar://C:\Users\Lenfer\AppData\Roaming\npm-cache\wsdl-service\0.1.0\package.tgz
77 verbose chmod C:\Users\Lenfer\AppData\Roaming\npm-cache\wsdl-service\0.1.0\package.tgz 644
78 silly chown skipping for windows C:\Users\Lenfer\AppData\Roaming\npm-cache\wsdl-service\0.1.0\package.tgz
79 silly lockFile 3a52ce78- .
80 silly lockFile 3a52ce78- .
81 silly publish { name: 'wsdl-service',
81 silly publish   description: 'The service can generate WSDL file and organize on the basis of his service SOAP',
81 silly publish   version: '0.1.0',
81 silly publish   author: { name: 'Andrey Dergaev', email: 'lenfer.spb@gmail.com' },
81 silly publish   main: 'lib/service.js',
81 silly publish   keywords: [ 'SOAP', ' WSDL', 'Service', 'XMLShema' ],
81 silly publish   dependencies: { libxmljs: '0.8.1', moment: '2.1.0', xml2json: '0.3.2' },
81 silly publish   bugs: { url: 'https://github.com/Lenfer/wsdl-service/issues' },
81 silly publish   repository: { type: 'git', url: 'https://github.com/Lenfer/wsdl-service' },
81 silly publish   licenses:
81 silly publish    [ { name: 'MIT',
81 silly publish        url: 'https://github.com/Lenfer/wsdl-service/blob/master/LICENSE' } ],
81 silly publish   homepage: 'https://github.com/Lenfer/wsdl-service',
81 silly publish   readmeFilename: 'README.md',
81 silly publish   readme: 'ERROR: No README data found!',
81 silly publish   _id: 'wsdl-service@0.1.0',
81 silly publish   dist: { shasum: 'b4d98b40002e86520d59ccac4760ed602a6fa88a' },
81 silly publish   _from: '.' }
82 verbose url raw wsdl-service
83 verbose url resolving [ 'https://registry.npmjs.org/', './wsdl-service' ]
84 verbose url resolved https://registry.npmjs.org/wsdl-service
85 info trying registry request attempt 1 at 13:49:52
86 http PUT https://registry.npmjs.org/wsdl-service
87 http 409 https://registry.npmjs.org/wsdl-service
88 verbose url raw wsdl-service
89 verbose url resolving [ 'https://registry.npmjs.org/', './wsdl-service' ]
90 verbose url resolved https://registry.npmjs.org/wsdl-service
91 info trying registry request attempt 1 at 13:49:55
92 http GET https://registry.npmjs.org/wsdl-service
93 http 200 https://registry.npmjs.org/wsdl-service
94 error publish fail Cannot publish over existing version.
94 error publish fail Update the 'version' field in package.json and try again.
94 error publish fail
94 error publish fail If the previous version was published in error, see:
94 error publish fail     npm help unpublish
94 error publish fail
94 error publish fail To automatically increment version numbers, see:
94 error publish fail     npm help version
95 error System Windows_NT 6.1.7601
96 error command "C:\\Program Files\\nodejs\\\\node.exe" "C:\\Program Files\\nodejs\\node_modules\\npm\\bin\\npm-cli.js" "publish"
97 error cwd e:\_NPM\node_modules\wsdl-service
98 error node -v v0.10.18
99 error npm -v 1.3.8
100 error code EPUBLISHCONFLICT
101 verbose exit [ 1, true ]
